c:\clanguage\结构体\结构体\结构体\debug\结构体.obj
c:\clanguage\结构体\结构体\结构体\debug\vc100.pdb
c:\clanguage\结构体\结构体\debug\结构体.ilk
c:\clanguage\结构体\结构体\debug\结构体.exe
c:\clanguage\结构体\结构体\结构体\debug\结构体.exe.intermediate.manifest
c:\clanguage\结构体\结构体\debug\结构体.pdb
c:\clanguage\结构体\结构体\结构体\debug\结构体.exe.embed.manifest
c:\clanguage\结构体\结构体\结构体\debug\结构体.exe.embed.manifest.res
c:\clanguage\结构体\结构体\结构体\debug\vc141.pdb
c:\clanguage\结构体\结构体\结构体\debug\vc141.idb
c:\clanguage\结构体\结构体\结构体\debug\数据存储.obj
c:\clanguage\结构体\结构体\结构体\debug\结构体.vcxprojresolveassemblyreference.cache
c:\clanguage\结构体\结构体\结构体\debug\cl.command.1.tlog
c:\clanguage\结构体\结构体\结构体\debug\cl.read.1.tlog
c:\clanguage\结构体\结构体\结构体\debug\cl.write.1.tlog
c:\clanguage\结构体\结构体\结构体\debug\link-cvtres.read.1.tlog
c:\clanguage\结构体\结构体\结构体\debug\link-cvtres.write.1.tlog
c:\clanguage\结构体\结构体\结构体\debug\link.16268-cvtres.read.1.tlog
c:\clanguage\结构体\结构体\结构体\debug\link.16268-cvtres.write.1.tlog
c:\clanguage\结构体\结构体\结构体\debug\link.16268.read.1.tlog
c:\clanguage\结构体\结构体\结构体\debug\link.16268.write.1.tlog
c:\clanguage\结构体\结构体\结构体\debug\link.264-cvtres.read.1.tlog
c:\clanguage\结构体\结构体\结构体\debug\link.264-cvtres.write.1.tlog
c:\clanguage\结构体\结构体\结构体\debug\link.264.read.1.tlog
c:\clanguage\结构体\结构体\结构体\debug\link.264.write.1.tlog
c:\clanguage\结构体\结构体\结构体\debug\link.604-cvtres.read.1.tlog
c:\clanguage\结构体\结构体\结构体\debug\link.604-cvtres.write.1.tlog
c:\clanguage\结构体\结构体\结构体\debug\link.604.read.1.tlog
c:\clanguage\结构体\结构体\结构体\debug\link.604.write.1.tlog
c:\clanguage\结构体\结构体\结构体\debug\link.command.1.tlog
c:\clanguage\结构体\结构体\结构体\debug\link.read.1.tlog
c:\clanguage\结构体\结构体\结构体\debug\link.write.1.tlog
c:\clanguage\结构体\结构体\结构体\debug\mt.command.1.tlog
c:\clanguage\结构体\结构体\结构体\debug\mt.read.1.tlog
c:\clanguage\结构体\结构体\结构体\debug\mt.write.1.tlog
c:\clanguage\结构体\结构体\结构体\debug\rc.command.1.tlog
c:\clanguage\结构体\结构体\结构体\debug\rc.read.1.tlog
c:\clanguage\结构体\结构体\结构体\debug\rc.write.1.tlog
c:\clanguage\结构体\结构体\结构体\debug\结构体.write.1.tlog
c:\clanguage\结构体\结构体\结构体\debug\vc100.idb
c:\clanguage\结构体\结构体\结构体\debug\结构体_manifest.rc
c:\clanguage\结构体\结构体\结构体\debug\结构体.tlog\cl.command.1.tlog
c:\clanguage\结构体\结构体\结构体\debug\结构体.tlog\cl.read.1.tlog
c:\clanguage\结构体\结构体\结构体\debug\结构体.tlog\cl.write.1.tlog
c:\clanguage\结构体\结构体\结构体\debug\结构体.tlog\link.command.1.tlog
c:\clanguage\结构体\结构体\结构体\debug\结构体.tlog\link.delete.1.tlog
c:\clanguage\结构体\结构体\结构体\debug\结构体.tlog\link.read.1.tlog
c:\clanguage\结构体\结构体\结构体\debug\结构体.tlog\link.write.1.tlog
