生成启动时间为 2021/3/27 星期六 15:33:31。
     1>项目“C:\-C-\C语言的进阶学习\学习\学习\参考\参考\参考.vcxproj”在节点 2 上(build 个目标)。
     1>InitializeBuildStatus:
         正在创建“Debug\参考.unsuccessfulbuild”，因为已指定“AlwaysCreate”。
       ClCompile:
         C:\Program Files (x86)\Microsoft Visual Studio 10.0\VC\bin\CL.exe /c /ZI /nologo /W3 /WX- /Od /Oy- /D _UNICODE /D UNICODE /Gm /EHsc /RTC1 /MDd /GS /fp:precise /Zc:wchar_t /Zc:forScope /Fo"Debug\\" /Fd"Debug\vc100.pdb" /Gd /TC /analyze- /errorReport:prompt ..\..\..\..\..\threechess.c ..\..\..\..\..\threechess_mian.c
         threechess_mian.c
         threechess.c
         正在生成代码...
       Link:
         C:\Program Files (x86)\Microsoft Visual Studio 10.0\VC\bin\link.exe /ERRORREPORT:PROMPT /OUT:"C:\-C-\C语言的进阶学习\学习\学习\参考\Debug\参考.exe" /NOLOGO kernel32.lib user32.lib gdi32.lib winspool.lib comdlg32.lib advapi32.lib shell32.lib ole32.lib oleaut32.lib uuid.lib odbc32.lib odbccp32.lib /MANIFEST /ManifestFile:"Debug\参考.exe.intermediate.manifest" /MANIFESTUAC:"level='asInvoker' uiAccess='false'" /DEBUG /PDB:"C:\-C-\C语言的进阶学习\学习\学习\参考\Debug\参考.pdb" /TLBID:1 /DYNAMICBASE /NXCOMPAT /IMPLIB:"C:\-C-\C语言的进阶学习\学习\学习\参考\Debug\参考.lib" /MACHINE:X86 Debug\threechess.obj
         Debug\threechess_mian.obj
         LINK : 没有找到 C:\-C-\C语言的进阶学习\学习\学习\参考\Debug\参考.exe 或上一个增量链接没有生成它；正在执行完全链接
         参考.vcxproj -> C:\-C-\C语言的进阶学习\学习\学习\参考\Debug\参考.exe
       Manifest:
         C:\Program Files (x86)\Microsoft SDKs\Windows\v7.0A\bin\mt.exe /nologo /verbose /outputresource:"C:\-C-\C语言的进阶学习\学习\学习\参考\Debug\参考.exe;#1" /manifest "Debug\参考.exe.intermediate.manifest"
       FinalizeBuildStatus:
         正在删除文件“Debug\参考.unsuccessfulbuild”。
         正在对“Debug\参考.lastbuildstate”执行 Touch 任务。
     1>已完成生成项目“C:\-C-\C语言的进阶学习\学习\学习\参考\参考\参考.vcxproj”(build 个目标)的操作。

生成成功。

已用时间 00:00:00.44
